[INFO ] 2023-05-16 16:35:16.424 [main] MainWindow - Displaying main window
[INFO ] 2023-05-16 16:35:16.866 [AWT-EventQueue-0] MainWindow - Displaying main window
[INFO ] 2023-05-16 16:35:33.243 [main] MainWindow - Displaying main window
[INFO ] 2023-05-16 16:35:33.629 [AWT-EventQueue-0] MainWindow - Displaying main window
[INFO ] 2023-05-16 16:43:40.382 [main] MainWindow - Displaying main window
[INFO ] 2023-05-16 16:43:40.843 [AWT-EventQueue-0] MainWindow - Displaying main window
[INFO ] 2023-05-16 19:03:03.479 [main] MainWindow - Displaying main window
[INFO ] 2023-05-16 19:03:03.940 [AWT-EventQueue-0] MainWindow - Displaying main window
[INFO ] 2023-05-16 19:04:32.986 [main] MainWindow - Displaying main window
[INFO ] 2023-05-16 19:04:33.381 [AWT-EventQueue-0] MainWindow - Displaying main window
[INFO ] 2023-05-16 19:23:35.616 [main] MainWindow - Displaying main window
[INFO ] 2023-05-16 19:23:36.083 [AWT-EventQueue-0] MainWindow - Displaying main window
[INFO ] 2023-05-16 19:32:12.486 [main] MainWindow - Displaying main window
[INFO ] 2023-05-16 19:32:12.929 [AWT-EventQueue-0] MainWindow - Displaying main window
[ERROR] 2023-05-16 19:32:27.140 [AWT-EventQueue-0] AddPersonPanel - Error setting person date of birth
java.text.ParseException: Unparseable date: ""
	at java.text.DateFormat.parse(DateFormat.java:399) ~[?:?]
	at ulb.mis.view.AddPersonPanel.getPerson(AddPersonPanel.java:50) ~[classes/:?]
	at ulb.mis.view.CreatePatientAccount.updatePatient(CreatePatientAccount.java:55) ~[classes/:?]
	at ulb.mis.view.CreatePatientAccount.saveButtonActionPerformed(CreatePatientAccount.java:134) ~[classes/:?]
	at ulb.mis.view.CreatePatientAccount.access$000(CreatePatientAccount.java:22) ~[classes/:?]
	at ulb.mis.view.CreatePatientAccount$1.actionPerformed(CreatePatientAccount.java:84) ~[classes/:?]
	at javax.swing.AbstractButton.fireActionPerformed(AbstractButton.java:1972) ~[?:?]
	at javax.swing.AbstractButton$Handler.actionPerformed(AbstractButton.java:2313) ~[?:?]
	at javax.swing.DefaultButtonModel.fireActionPerformed(DefaultButtonModel.java:405) ~[?:?]
	at javax.swing.DefaultButtonModel.setPressed(DefaultButtonModel.java:262) ~[?:?]
	at javax.swing.plaf.basic.BasicButtonListener.mouseReleased(BasicButtonListener.java:279) ~[?:?]
	at java.awt.Component.processMouseEvent(Component.java:6620) ~[?:?]
	at javax.swing.JComponent.processMouseEvent(JComponent.java:3398) ~[?:?]
	at java.awt.Component.processEvent(Component.java:6385) ~[?:?]
	at java.awt.Container.processEvent(Container.java:2266) ~[?:?]
	at java.awt.Component.dispatchEventImpl(Component.java:4995) ~[?:?]
	at java.awt.Container.dispatchEventImpl(Container.java:2324) ~[?:?]
	at java.awt.Component.dispatchEvent(Component.java:4827) ~[?:?]
	at java.awt.LightweightDispatcher.retargetMouseEvent(Container.java:4948) ~[?:?]
	at java.awt.LightweightDispatcher.processMouseEvent(Container.java:4575) ~[?:?]
	at java.awt.LightweightDispatcher.dispatchEvent(Container.java:4516) ~[?:?]
	at java.awt.Container.dispatchEventImpl(Container.java:2310) ~[?:?]
	at java.awt.Window.dispatchEventImpl(Window.java:2780) ~[?:?]
	at java.awt.Component.dispatchEvent(Component.java:4827) ~[?:?]
	at java.awt.EventQueue.dispatchEventImpl(EventQueue.java:775) ~[?:?]
	at java.awt.EventQueue$4.run(EventQueue.java:720) ~[?:?]
	at java.awt.EventQueue$4.run(EventQueue.java:714) ~[?:?]
	at java.security.AccessController.doPrivileged(AccessController.java:399) [?:?]
	at java.security.ProtectionDomain$JavaSecurityAccessImpl.doIntersectionPrivilege(ProtectionDomain.java:86) ~[?:?]
	at java.security.ProtectionDomain$JavaSecurityAccessImpl.doIntersectionPrivilege(ProtectionDomain.java:97) ~[?:?]
	at java.awt.EventQueue$5.run(EventQueue.java:747) ~[?:?]
	at java.awt.EventQueue$5.run(EventQueue.java:745) ~[?:?]
	at java.security.AccessController.doPrivileged(AccessController.java:399) [?:?]
	at java.security.ProtectionDomain$JavaSecurityAccessImpl.doIntersectionPrivilege(ProtectionDomain.java:86) [?:?]
	at java.awt.EventQueue.dispatchEvent(EventQueue.java:744) [?:?]
	at java.awt.EventDispatchThread.pumpOneEventForFilters(EventDispatchThread.java:203) [?:?]
	at java.awt.EventDispatchThread.pumpEventsForFilter(EventDispatchThread.java:124) [?:?]
	at java.awt.EventDispatchThread.pumpEventsForHierarchy(EventDispatchThread.java:113) [?:?]
	at java.awt.EventDispatchThread.pumpEvents(EventDispatchThread.java:109) [?:?]
	at java.awt.EventDispatchThread.pumpEvents(EventDispatchThread.java:101) [?:?]
	at java.awt.EventDispatchThread.run(EventDispatchThread.java:90) [?:?]
[INFO ] 2023-05-16 19:36:13.490 [main] MainWindow - Displaying main window
[INFO ] 2023-05-16 19:36:14.033 [AWT-EventQueue-0] MainWindow - Displaying main window
[INFO ] 2023-05-16 19:38:22.104 [main] MainWindow - Displaying main window
[INFO ] 2023-05-16 19:38:22.467 [AWT-EventQueue-0] MainWindow - Displaying main window
[INFO ] 2023-05-16 19:39:19.457 [main] MainWindow - Displaying main window
[INFO ] 2023-05-16 19:39:19.895 [AWT-EventQueue-0] MainWindow - Displaying main window
[ERROR] 2023-05-16 19:39:54.538 [AWT-EventQueue-0] AddPersonPanel - Error setting person date of birth
java.text.ParseException: Unparseable date: ""
	at java.text.DateFormat.parse(DateFormat.java:399) ~[?:?]
	at ulb.mis.view.AddPersonPanel.getPerson(AddPersonPanel.java:50) ~[classes/:?]
	at ulb.mis.view.CreatePatientAccount.updatePatient(CreatePatientAccount.java:55) ~[classes/:?]
	at ulb.mis.view.CreatePatientAccount.saveButtonActionPerformed(CreatePatientAccount.java:134) ~[classes/:?]
	at ulb.mis.view.CreatePatientAccount.access$000(CreatePatientAccount.java:22) ~[classes/:?]
	at ulb.mis.view.CreatePatientAccount$1.actionPerformed(CreatePatientAccount.java:84) ~[classes/:?]
	at javax.swing.AbstractButton.fireActionPerformed(AbstractButton.java:1972) ~[?:?]
	at javax.swing.AbstractButton$Handler.actionPerformed(AbstractButton.java:2313) ~[?:?]
	at javax.swing.DefaultButtonModel.fireActionPerformed(DefaultButtonModel.java:405) ~[?:?]
	at javax.swing.DefaultButtonModel.setPressed(DefaultButtonModel.java:262) ~[?:?]
	at javax.swing.plaf.basic.BasicButtonListener.mouseReleased(BasicButtonListener.java:279) ~[?:?]
	at java.awt.Component.processMouseEvent(Component.java:6620) ~[?:?]
	at javax.swing.JComponent.processMouseEvent(JComponent.java:3398) ~[?:?]
	at java.awt.Component.processEvent(Component.java:6385) ~[?:?]
	at java.awt.Container.processEvent(Container.java:2266) ~[?:?]
	at java.awt.Component.dispatchEventImpl(Component.java:4995) ~[?:?]
	at java.awt.Container.dispatchEventImpl(Container.java:2324) ~[?:?]
	at java.awt.Component.dispatchEvent(Component.java:4827) ~[?:?]
	at java.awt.LightweightDispatcher.retargetMouseEvent(Container.java:4948) ~[?:?]
	at java.awt.LightweightDispatcher.processMouseEvent(Container.java:4575) ~[?:?]
	at java.awt.LightweightDispatcher.dispatchEvent(Container.java:4516) ~[?:?]
	at java.awt.Container.dispatchEventImpl(Container.java:2310) ~[?:?]
	at java.awt.Window.dispatchEventImpl(Window.java:2780) ~[?:?]
	at java.awt.Component.dispatchEvent(Component.java:4827) ~[?:?]
	at java.awt.EventQueue.dispatchEventImpl(EventQueue.java:775) ~[?:?]
	at java.awt.EventQueue$4.run(EventQueue.java:720) ~[?:?]
	at java.awt.EventQueue$4.run(EventQueue.java:714) ~[?:?]
	at java.security.AccessController.doPrivileged(AccessController.java:399) [?:?]
	at java.security.ProtectionDomain$JavaSecurityAccessImpl.doIntersectionPrivilege(ProtectionDomain.java:86) ~[?:?]
	at java.security.ProtectionDomain$JavaSecurityAccessImpl.doIntersectionPrivilege(ProtectionDomain.java:97) ~[?:?]
	at java.awt.EventQueue$5.run(EventQueue.java:747) ~[?:?]
	at java.awt.EventQueue$5.run(EventQueue.java:745) ~[?:?]
	at java.security.AccessController.doPrivileged(AccessController.java:399) [?:?]
	at java.security.ProtectionDomain$JavaSecurityAccessImpl.doIntersectionPrivilege(ProtectionDomain.java:86) [?:?]
	at java.awt.EventQueue.dispatchEvent(EventQueue.java:744) [?:?]
	at java.awt.EventDispatchThread.pumpOneEventForFilters(EventDispatchThread.java:203) [?:?]
	at java.awt.EventDispatchThread.pumpEventsForFilter(EventDispatchThread.java:124) [?:?]
	at java.awt.EventDispatchThread.pumpEventsForHierarchy(EventDispatchThread.java:113) [?:?]
	at java.awt.EventDispatchThread.pumpEvents(EventDispatchThread.java:109) [?:?]
	at java.awt.EventDispatchThread.pumpEvents(EventDispatchThread.java:101) [?:?]
	at java.awt.EventDispatchThread.run(EventDispatchThread.java:90) [?:?]
[INFO ] 2023-05-16 20:03:50.493 [main] MainWindow - Displaying main window
[INFO ] 2023-05-16 20:03:50.981 [AWT-EventQueue-0] MainWindow - Displaying main window
[INFO ] 2023-05-16 20:05:59.171 [main] MainWindow - Displaying main window
[INFO ] 2023-05-16 20:05:59.829 [AWT-EventQueue-0] MainWindow - Displaying main window
